<?xml version="1.0" encoding="UTF-8"?>
<!-- Generated by org.testng.reporters.JUnitXMLReporter -->
<testsuite hostname="NileshZ-LPT-291" name="Find Right Mobile Test" tests="2" failures="1" timestamp="26 Mar 2019 09:57:36 GMT" time="411.83" errors="0">
  <testcase name="@AfterMethod quit" time="0.0" classname="com.qtpselenium.pom.flipkart.FindRightMobileTest">
    <failure type="org.openqa.selenium.remote.SessionNotFoundException" message="A session is either terminated or not started (WARNING: The server did not provide any stacktrace information)
Command duration or timeout: 10 milliseconds
Build info: version: &amp;apos;2.53.0&amp;apos;, revision: &amp;apos;35ae25b1534ae328c771e0856c93e187490ca824&amp;apos;, time: &amp;apos;2016-03-15 10:43:46&amp;apos;
System info: host: &amp;apos;NileshZ-LPT-291&amp;apos;, ip: &amp;apos;10.9.45.175&amp;apos;, os.name: &amp;apos;Windows 10&amp;apos;, os.arch: &amp;apos;amd64&amp;apos;, os.version: &amp;apos;10.0&amp;apos;, java.version: &amp;apos;1.8.0_201&amp;apos;
Driver info: io.appium.java_client.android.AndroidDriver
Capabilities [{app=D:\software\Software_Appium_2.0\Software_Appium\POM_FlipKart\apk\Flipkart_6.11.apk, appPackage=com.flipkart.android, deviceScreenSize=1080x2160, networkConnectionEnabled=true, warnings={}, appWaitPackage=com.flipkart.android, appWaitActivity=com.flipkart.android.SplashActivity, databaseEnabled=false, version=, deviceName=9c56cbc, platform=ANDROID, deviceUDID=9c56cbc, appActivity=com.flipkart.android.SplashActivity, desired={app=D:\software\Software_Appium_2.0\Software_Appium\POM_FlipKart\apk\Flipkart_6.11.apk, platformVersion=8.1.0, browserName=android, platformName=Android, version=, deviceName=vivaan, platform=ANDROID}, platformVersion=8.1.0, webStorageEnabled=false, locationContextEnabled=false, takesScreenshot=true, browserName=android, javascriptEnabled=true, deviceModel=Redmi Note 5 Pro, platformName=Android, deviceManufacturer=Xiaomi}]
Session ID: fd50fc44-1e89-4bbb-9bca-328f05459bdf">
      <![CDATA[org.openqa.selenium.remote.SessionNotFoundException: A session is either terminated or not started (WARNING: The server did not provide any stacktrace information)
Command duration or timeout: 10 milliseconds
Build info: version: '2.53.0', revision: '35ae25b1534ae328c771e0856c93e187490ca824', time: '2016-03-15 10:43:46'
System info: host: 'NileshZ-LPT-291', ip: '10.9.45.175', os.name: 'Windows 10', os.arch: 'amd64', os.version: '10.0', java.version: '1.8.0_201'
Driver info: io.appium.java_client.android.AndroidDriver
Capabilities [{app=D:\software\Software_Appium_2.0\Software_Appium\POM_FlipKart\apk\Flipkart_6.11.apk, appPackage=com.flipkart.android, deviceScreenSize=1080x2160, networkConnectionEnabled=true, warnings={}, appWaitPackage=com.flipkart.android, appWaitActivity=com.flipkart.android.SplashActivity, databaseEnabled=false, version=, deviceName=9c56cbc, platform=ANDROID, deviceUDID=9c56cbc, appActivity=com.flipkart.android.SplashActivity, desired={app=D:\software\Software_Appium_2.0\Software_Appium\POM_FlipKart\apk\Flipkart_6.11.apk, platformVersion=8.1.0, browserName=android, platformName=Android, version=, deviceName=vivaan, platform=ANDROID}, platformVersion=8.1.0, webStorageEnabled=false, locationContextEnabled=false, takesScreenshot=true, browserName=android, javascriptEnabled=true, deviceModel=Redmi Note 5 Pro, platformName=Android, deviceManufacturer=Xiaomi}]
Session ID: fd50fc44-1e89-4bbb-9bca-328f05459bdf
	at org.openqa.selenium.remote.ErrorHandler.createThrowable(ErrorHandler.java:206)
	at org.openqa.selenium.remote.ErrorHandler.throwIfResponseFailed(ErrorHandler.java:158)
	at org.openqa.selenium.remote.RemoteWebDriver.execute(RemoteWebDriver.java:678)
	at io.appium.java_client.DefaultGenericMobileDriver.execute(DefaultGenericMobileDriver.java:42)
	at io.appium.java_client.AppiumDriver.execute(AppiumDriver.java:206)
	at org.openqa.selenium.remote.RemoteWebDriver.quit(RemoteWebDriver.java:526)
	at com.qtpselenium.pom.flipkart.base.BaseTest.quit(BaseTest.java:75)
... Removed 30 stack frames]]>
    </failure>
  </testcase> <!-- @AfterMethod quit -->
  <testcase name="@AfterMethod quit" time="0.0" classname="com.qtpselenium.pom.flipkart.FindRightMobileTest">
    <skipped/>
  </testcase> <!-- @AfterMethod quit -->
  <testcase name="findRightMobileTest" time="411.498" classname="com.qtpselenium.pom.flipkart.FindRightMobileTest">
    <failure type="org.openqa.selenium.remote.SessionNotFoundException" message="A session is either terminated or not started (WARNING: The server did not provide any stacktrace information)
Command duration or timeout: 81 milliseconds
Build info: version: &amp;apos;2.53.0&amp;apos;, revision: &amp;apos;35ae25b1534ae328c771e0856c93e187490ca824&amp;apos;, time: &amp;apos;2016-03-15 10:43:46&amp;apos;
System info: host: &amp;apos;NileshZ-LPT-291&amp;apos;, ip: &amp;apos;10.9.45.175&amp;apos;, os.name: &amp;apos;Windows 10&amp;apos;, os.arch: &amp;apos;amd64&amp;apos;, os.version: &amp;apos;10.0&amp;apos;, java.version: &amp;apos;1.8.0_201&amp;apos;
Driver info: io.appium.java_client.android.AndroidDriver
Capabilities [{app=D:\software\Software_Appium_2.0\Software_Appium\POM_FlipKart\apk\Flipkart_6.11.apk, appPackage=com.flipkart.android, deviceScreenSize=1080x2160, networkConnectionEnabled=true, warnings={}, appWaitPackage=com.flipkart.android, appWaitActivity=com.flipkart.android.SplashActivity, databaseEnabled=false, version=, deviceName=9c56cbc, platform=ANDROID, deviceUDID=9c56cbc, appActivity=com.flipkart.android.SplashActivity, desired={app=D:\software\Software_Appium_2.0\Software_Appium\POM_FlipKart\apk\Flipkart_6.11.apk, platformVersion=8.1.0, browserName=android, platformName=Android, version=, deviceName=vivaan, platform=ANDROID}, platformVersion=8.1.0, webStorageEnabled=false, locationContextEnabled=false, takesScreenshot=true, browserName=android, javascriptEnabled=true, deviceModel=Redmi Note 5 Pro, platformName=Android, deviceManufacturer=Xiaomi}]
Session ID: fd50fc44-1e89-4bbb-9bca-328f05459bdf">
      <![CDATA[org.openqa.selenium.remote.SessionNotFoundException: A session is either terminated or not started (WARNING: The server did not provide any stacktrace information)
Command duration or timeout: 81 milliseconds
Build info: version: '2.53.0', revision: '35ae25b1534ae328c771e0856c93e187490ca824', time: '2016-03-15 10:43:46'
System info: host: 'NileshZ-LPT-291', ip: '10.9.45.175', os.name: 'Windows 10', os.arch: 'amd64', os.version: '10.0', java.version: '1.8.0_201'
Driver info: io.appium.java_client.android.AndroidDriver
Capabilities [{app=D:\software\Software_Appium_2.0\Software_Appium\POM_FlipKart\apk\Flipkart_6.11.apk, appPackage=com.flipkart.android, deviceScreenSize=1080x2160, networkConnectionEnabled=true, warnings={}, appWaitPackage=com.flipkart.android, appWaitActivity=com.flipkart.android.SplashActivity, databaseEnabled=false, version=, deviceName=9c56cbc, platform=ANDROID, deviceUDID=9c56cbc, appActivity=com.flipkart.android.SplashActivity, desired={app=D:\software\Software_Appium_2.0\Software_Appium\POM_FlipKart\apk\Flipkart_6.11.apk, platformVersion=8.1.0, browserName=android, platformName=Android, version=, deviceName=vivaan, platform=ANDROID}, platformVersion=8.1.0, webStorageEnabled=false, locationContextEnabled=false, takesScreenshot=true, browserName=android, javascriptEnabled=true, deviceModel=Redmi Note 5 Pro, platformName=Android, deviceManufacturer=Xiaomi}]
Session ID: fd50fc44-1e89-4bbb-9bca-328f05459bdf
	at org.openqa.selenium.remote.ErrorHandler.createThrowable(ErrorHandler.java:206)
	at org.openqa.selenium.remote.ErrorHandler.throwIfResponseFailed(ErrorHandler.java:158)
	at org.openqa.selenium.remote.RemoteWebDriver.execute(RemoteWebDriver.java:678)
	at io.appium.java_client.DefaultGenericMobileDriver.execute(DefaultGenericMobileDriver.java:42)
	at io.appium.java_client.AppiumDriver.execute(AppiumDriver.java:1)
	at io.appium.java_client.android.AndroidDriver.execute(AndroidDriver.java:1)
	at org.openqa.selenium.remote.RemoteWebDriver$RemoteWebDriverOptions$RemoteTimeouts.implicitlyWait(RemoteWebDriver.java:865)
	at com.qtpselenium.pom.flipkart.base.BaseTest.launchApp(BaseTest.java:63)
	at com.qtpselenium.pom.flipkart.FindRightMobileTest.findRightMobileTest(FindRightMobileTest.java:48)
... Removed 28 stack frames]]>
    </failure>
  </testcase> <!-- findRightMobileTest -->
  <testcase name="findRightMobileTest" time="0.002" classname="com.qtpselenium.pom.flipkart.FindRightMobileTest">
    <skipped/>
  </testcase> <!-- findRightMobileTest -->
</testsuite> <!-- Find Right Mobile Test -->
