<?xml version="1.0" encoding="UTF-8"?>
<!-- Generated by org.testng.reporters.JUnitXMLReporter -->
<testsuite hostname="NileshZ-LPT-291" name="Side Menu Test" tests="1" failures="1" timestamp="16 Feb 2019 09:21:06 GMT" time="76.907" errors="0">
  <testcase name="sideBarMenuTest" time="74.452" classname="com.qtpselenium.pom.flipkart.SideBarMenuTest">
    <failure type="org.openqa.selenium.NoSuchElementException" message="An element could not be located on the page using the given search parameters. (WARNING: The server did not provide any stacktrace information)
Command duration or timeout: 20.46 seconds
For documentation on this error, please visit: http://seleniumhq.org/exceptions/no_such_element.html
Build info: version: &amp;apos;2.53.0&amp;apos;, revision: &amp;apos;35ae25b1534ae328c771e0856c93e187490ca824&amp;apos;, time: &amp;apos;2016-03-15 10:43:46&amp;apos;
System info: host: &amp;apos;NileshZ-LPT-291&amp;apos;, ip: &amp;apos;192.168.0.103&amp;apos;, os.name: &amp;apos;Windows 10&amp;apos;, os.arch: &amp;apos;amd64&amp;apos;, os.version: &amp;apos;10.0&amp;apos;, java.version: &amp;apos;1.8.0_201&amp;apos;
Driver info: io.appium.java_client.android.AndroidDriver
Capabilities [{app=D:\software\Software_Appium_2.0\Software_Appium\POM_FlipKart\apk\Flipkart_6.11.apk, appPackage=com.flipkart.android, deviceScreenSize=1080x2160, networkConnectionEnabled=true, warnings={}, appWaitPackage=com.flipkart.android, appWaitActivity=com.flipkart.android.SplashActivity, databaseEnabled=false, version=, deviceName=9c56cbc, platform=ANDROID, deviceUDID=9c56cbc, appActivity=com.flipkart.android.SplashActivity, desired={app=D:\software\Software_Appium_2.0\Software_Appium\POM_FlipKart\apk\Flipkart_6.11.apk, platformVersion=8.1.0, browserName=android, platformName=Android, version=, deviceName=vivaan, platform=ANDROID}, platformVersion=8.1.0, webStorageEnabled=false, locationContextEnabled=false, takesScreenshot=true, browserName=android, javascriptEnabled=true, deviceModel=Redmi Note 5 Pro, platformName=Android, deviceManufacturer=Xiaomi}]
Session ID: 83d98436-5166-478e-8dd3-3215f39768f4
*** Element info: {Using=xpath, value=//android.widget.ImageButton[@content-desc=&amp;apos;Open Drawer&amp;apos;]}">
      <![CDATA[org.openqa.selenium.NoSuchElementException: An element could not be located on the page using the given search parameters. (WARNING: The server did not provide any stacktrace information)
Command duration or timeout: 20.46 seconds
For documentation on this error, please visit: http://seleniumhq.org/exceptions/no_such_element.html
Build info: version: '2.53.0', revision: '35ae25b1534ae328c771e0856c93e187490ca824', time: '2016-03-15 10:43:46'
System info: host: 'NileshZ-LPT-291', ip: '192.168.0.103', os.name: 'Windows 10', os.arch: 'amd64', os.version: '10.0', java.version: '1.8.0_201'
Driver info: io.appium.java_client.android.AndroidDriver
Capabilities [{app=D:\software\Software_Appium_2.0\Software_Appium\POM_FlipKart\apk\Flipkart_6.11.apk, appPackage=com.flipkart.android, deviceScreenSize=1080x2160, networkConnectionEnabled=true, warnings={}, appWaitPackage=com.flipkart.android, appWaitActivity=com.flipkart.android.SplashActivity, databaseEnabled=false, version=, deviceName=9c56cbc, platform=ANDROID, deviceUDID=9c56cbc, appActivity=com.flipkart.android.SplashActivity, desired={app=D:\software\Software_Appium_2.0\Software_Appium\POM_FlipKart\apk\Flipkart_6.11.apk, platformVersion=8.1.0, browserName=android, platformName=Android, version=, deviceName=vivaan, platform=ANDROID}, platformVersion=8.1.0, webStorageEnabled=false, locationContextEnabled=false, takesScreenshot=true, browserName=android, javascriptEnabled=true, deviceModel=Redmi Note 5 Pro, platformName=Android, deviceManufacturer=Xiaomi}]
Session ID: 83d98436-5166-478e-8dd3-3215f39768f4
*** Element info: {Using=xpath, value=//android.widget.ImageButton[@content-desc='Open Drawer']}
	at org.openqa.selenium.remote.ErrorHandler.createThrowable(ErrorHandler.java:206)
	at org.openqa.selenium.remote.ErrorHandler.throwIfResponseFailed(ErrorHandler.java:158)
	at org.openqa.selenium.remote.RemoteWebDriver.execute(RemoteWebDriver.java:678)
	at io.appium.java_client.DefaultGenericMobileDriver.execute(DefaultGenericMobileDriver.java:42)
	at io.appium.java_client.AppiumDriver.execute(AppiumDriver.java:1)
	at io.appium.java_client.android.AndroidDriver.execute(AndroidDriver.java:1)
	at org.openqa.selenium.remote.RemoteWebDriver.findElement(RemoteWebDriver.java:363)
	at org.openqa.selenium.remote.RemoteWebDriver.findElementByXPath(RemoteWebDriver.java:500)
	at io.appium.java_client.DefaultGenericMobileDriver.findElementByXPath(DefaultGenericMobileDriver.java:132)
	at io.appium.java_client.AppiumDriver.findElementByXPath(AppiumDriver.java:1)
	at io.appium.java_client.android.AndroidDriver.findElementByXPath(AndroidDriver.java:1)
	at org.openqa.selenium.By$ByXPath.findElement(By.java:361)
	at org.openqa.selenium.remote.RemoteWebDriver.findElement(RemoteWebDriver.java:355)
	at io.appium.java_client.DefaultGenericMobileDriver.findElement(DefaultGenericMobileDriver.java:52)
	at io.appium.java_client.AppiumDriver.findElement(AppiumDriver.java:1)
	at io.appium.java_client.android.AndroidDriver.findElement(AndroidDriver.java:1)
	at com.qtpselenium.pom.flipkart.pages.base.BasePage.initXML(BasePage.java:98)
	at com.qtpselenium.pom.flipkart.SideBarMenuTest.sideBarMenuTest(SideBarMenuTest.java:38)
... Removed 28 stack frames]]>
    </failure>
  </testcase> <!-- sideBarMenuTest -->
</testsuite> <!-- Side Menu Test -->
