<?xml version="1.0" encoding="UTF-8"?>
<testng-results skipped="0" failed="0" total="1" passed="1">
  <reporter-output>
  </reporter-output>
  <suite name="Default suite" duration-ms="95387" started-at="2019-03-29T10:33:50Z" finished-at="2019-03-29T10:35:25Z">
    <groups>
      <group name="cucumber">
        <method signature="AbstractTestNGCucumberTests.feature(cucumber.api.testng.CucumberFeatureWrapper)[pri:0, instance:com.cucumber.framework.runner.SignUpRunner@619713e5]" name="feature" class="cucumber.api.testng.AbstractTestNGCucumberTests"/>
      </group> <!-- cucumber -->
    </groups>
    <test name="Default test" duration-ms="95387" started-at="2019-03-29T10:33:50Z" finished-at="2019-03-29T10:35:25Z">
      <class name="com.cucumber.framework.runner.SignUpRunner">
        <test-method status="PASS" signature="setUpClass()[pri:0, instance:com.cucumber.framework.runner.SignUpRunner@619713e5]" name="setUpClass" is-config="true" duration-ms="288" started-at="2019-03-29T16:03:50Z" finished-at="2019-03-29T16:03:50Z">
          <reporter-output>
          </reporter-output>
        </test-method> <!-- setUpClass -->
        <test-method status="PASS" signature="feature(cucumber.api.testng.CucumberFeatureWrapper)[pri:0, instance:com.cucumber.framework.runner.SignUpRunner@619713e5]" name="feature" duration-ms="94961" started-at="2019-03-29T16:03:50Z" description="Runs Cucumber Feature" data-provider="features" finished-at="2019-03-29T16:05:25Z">
          <params>
            <param index="0">
              <value>
                <![CDATA[Title of your feature]]>
              </value>
            </param>
          </params>
          <reporter-output>
          </reporter-output>
        </test-method> <!-- feature -->
        <test-method status="PASS" signature="tearDownClass()[pri:0, instance:com.cucumber.framework.runner.SignUpRunner@619713e5]" name="tearDownClass" is-config="true" duration-ms="53" started-at="2019-03-29T16:05:25Z" finished-at="2019-03-29T16:05:25Z">
          <reporter-output>
          </reporter-output>
        </test-method> <!-- tearDownClass -->
      </class> <!-- com.cucumber.framework.runner.SignUpRunner -->
    </test> <!-- Default test -->
  </suite> <!-- Default suite -->
</testng-results>
